
EnvironmentSectionNotValid: The following section on '/home/boris/PycharmProjects/CaliHeatWaves/environment.yml' is invalid and will be ignored:
 - solver

Collecting package metadata (repodata.json): ...working... done
Solving environment: ...working... failed

ResolvePackageNotFound: 
  - cdsapi[version='>=1.5']

done
Solving environment: ...working... failed
Traceback (most recent call last):
  File "/home/boris/anaconda3/lib/python3.8/site-packages/conda/exceptions.py", line 1080, in __call__
    return func(*args, **kwargs)
  File "/home/boris/anaconda3/lib/python3.8/site-packages/conda_env/cli/main.py", line 80, in do_call
    exit_code = getattr(module, func_name)(args, parser)
  File "/home/boris/anaconda3/lib/python3.8/site-packages/conda_env/cli/main_create.py", line 141, in execute
    result[installer_type] = installer.install(prefix, pkg_specs, args, env)
  File "/home/boris/anaconda3/lib/python3.8/site-packages/conda_env/installers/conda.py", line 50, in install
    unlink_link_transaction = solver.solve_for_transaction(
  File "/home/boris/anaconda3/lib/python3.8/site-packages/conda/core/solve.py", line 114, in solve_for_transaction
    unlink_precs, link_precs = self.solve_for_diff(update_modifier, deps_modifier,
  File "/home/boris/anaconda3/lib/python3.8/site-packages/conda/core/solve.py", line 157, in solve_for_diff
    final_precs = self.solve_final_state(update_modifier, deps_modifier, prune, ignore_pinned,
  File "/home/boris/anaconda3/lib/python3.8/site-packages/conda/core/solve.py", line 275, in solve_final_state
    ssc = self._add_specs(ssc)
  File "/home/boris/anaconda3/lib/python3.8/site-packages/conda/core/solve.py", line 565, in _add_specs
    explicit_pool = ssc.r._get_package_pool(self.specs_to_add)
  File "/home/boris/anaconda3/lib/python3.8/site-packages/conda/resolve.py", line 555, in _get_package_pool
    pool = self.get_reduced_index(specs)
  File "/home/boris/anaconda3/lib/python3.8/site-packages/conda/common/io.py", line 88, in decorated
    return f(*args, **kwds)
  File "/home/boris/anaconda3/lib/python3.8/site-packages/conda/resolve.py", line 576, in get_reduced_index
    explicit_specs, features = self.verify_specs(explicit_specs)
  File "/home/boris/anaconda3/lib/python3.8/site-packages/conda/resolve.py", line 288, in verify_specs
    raise ResolvePackageNotFound(bad_deps)
conda.exceptions.ResolvePackageNotFound: 
  - cdsapi[version='>=1.5']

